# JRE version: Java(TM) SE Runtime Environment (8.0_66-b18) (build 1.8.0_66-b18)
# Java VM: Java HotSpot(TM) 64-Bit Server VM (25.66-b18 mixed mode windows-amd64 compressed oops)
Heap:
 PSYoungGen      total 25088K, used 8316K [0x00000000d5a00000, 0x00000000d7380000, 0x0000000100000000)
  eden space 24064K, 34% used [0x00000000d5a00000,0x00000000d6217010,0x00000000d7180000)
  from space 1024K, 3% used [0x00000000d7280000,0x00000000d7288000,0x00000000d7380000)
  to   space 1024K, 0% used [0x00000000d7180000,0x00000000d7180000,0x00000000d7280000)
 ParOldGen       total 87552K, used 6933K [0x0000000080e00000, 0x0000000086380000, 0x00000000d5a00000)
  object space 87552K, 7% used [0x0000000080e00000,0x00000000814c5760,0x0000000086380000)
 Metaspace       used 12904K, capacity 13167K, committed 13568K, reserved 1060864K
  class space    used 1369K, capacity 1455K, committed 1536K, reserved 1048576K
GC Heap History (10 events):
Event: 404.907 GC heap before
{Heap before GC invocations=48 (full 0):
 PSYoungGen      total 25088K, used 24128K [0x00000000d5a00000, 0x00000000d7380000, 0x0000000100000000)
  eden space 24064K, 100% used [0x00000000d5a00000,0x00000000d7180000,0x00000000d7180000)
  from space 1024K, 6% used [0x00000000d7180000,0x00000000d7190000,0x00000000d7280000)
  to   space 1024K, 0% used [0x00000000d7280000,0x00000000d7280000,0x00000000d7380000)
 ParOldGen       total 87552K, used 6933K [0x0000000080e00000, 0x0000000086380000, 0x00000000d5a00000)
  object space 87552K, 7% used [0x0000000080e00000,0x00000000814c5760,0x0000000086380000)
 Metaspace       used 12792K, capacity 13007K, committed 13312K, reserved 1060864K
  class space    used 1362K, capacity 1423K, committed 1536K, reserved 1048576K
Event: 404.908 GC heap after
Heap after GC invocations=48 (full 0):
 PSYoungGen      total 25088K, used 64K [0x00000000d5a00000, 0x00000000d7380000, 0x0000000100000000)
  eden space 24064K, 0% used [0x00000000d5a00000,0x00000000d5a00000,0x00000000d7180000)
  from space 1024K, 6% used [0x00000000d7280000,0x00000000d7290000,0x00000000d7380000)
  to   space 1024K, 0% used [0x00000000d7180000,0x00000000d7180000,0x00000000d7280000)
 ParOldGen       total 87552K, used 6933K [0x0000000080e00000, 0x0000000086380000, 0x00000000d5a00000)
  object space 87552K, 7% used [0x0000000080e00000,0x00000000814c5760,0x0000000086380000)
 Metaspace       used 12792K, capacity 13007K, committed 13312K, reserved 1060864K
  class space    used 1362K, capacity 1423K, committed 1536K, reserved 1048576K
}
Event: 412.851 GC heap before
{Heap before GC invocations=49 (full 0):
 PSYoungGen      total 25088K, used 24128K [0x00000000d5a00000, 0x00000000d7380000, 0x0000000100000000)
  eden space 24064K, 100% used [0x00000000d5a00000,0x00000000d7180000,0x00000000d7180000)
  from space 1024K, 6% used [0x00000000d7280000,0x00000000d7290000,0x00000000d7380000)
  to   space 1024K, 0% used [0x00000000d7180000,0x00000000d7180000,0x00000000d7280000)
 ParOldGen       total 87552K, used 6933K [0x0000000080e00000, 0x0000000086380000, 0x00000000d5a00000)
  object space 87552K, 7% used [0x0000000080e00000,0x00000000814c5760,0x0000000086380000)
 Metaspace       used 12792K, capacity 13007K, committed 13312K, reserved 1060864K
  class space    used 1362K, capacity 1423K, committed 1536K, reserved 1048576K
Event: 412.851 GC heap after
Heap after GC invocations=49 (full 0):
 PSYoungGen      total 25088K, used 32K [0x00000000d5a00000, 0x00000000d7380000, 0x0000000100000000)
  eden space 24064K, 0% used [0x00000000d5a00000,0x00000000d5a00000,0x00000000d7180000)
  from space 1024K, 3% used [0x00000000d7180000,0x00000000d7188000,0x00000000d7280000)
  to   space 1024K, 0% used [0x00000000d7280000,0x00000000d7280000,0x00000000d7380000)
 ParOldGen       total 87552K, used 6933K [0x0000000080e00000, 0x0000000086380000, 0x00000000d5a00000)
  object space 87552K, 7% used [0x0000000080e00000,0x00000000814c5760,0x0000000086380000)
 Metaspace       used 12792K, capacity 13007K, committed 13312K, reserved 1060864K
  class space    used 1362K, capacity 1423K, committed 1536K, reserved 1048576K
}
Event: 420.783 GC heap before
{Heap before GC invocations=50 (full 0):
 PSYoungGen      total 25088K, used 24096K [0x00000000d5a00000, 0x00000000d7380000, 0x0000000100000000)
  eden space 24064K, 100% used [0x00000000d5a00000,0x00000000d7180000,0x00000000d7180000)
  from space 1024K, 3% used [0x00000000d7180000,0x00000000d7188000,0x00000000d7280000)
  to   space 1024K, 0% used [0x00000000d7280000,0x00000000d7280000,0x00000000d7380000)
 ParOldGen       total 87552K, used 6933K [0x0000000080e00000, 0x0000000086380000, 0x00000000d5a00000)
  object space 87552K, 7% used [0x0000000080e00000,0x00000000814c5760,0x0000000086380000)
 Metaspace       used 12792K, capacity 13007K, committed 13312K, reserved 1060864K
  class space    used 1362K, capacity 1423K, committed 1536K, reserved 1048576K
Event: 420.784 GC heap after
Heap after GC invocations=50 (full 0):
 PSYoungGen      total 25088K, used 64K [0x00000000d5a00000, 0x00000000d7380000, 0x0000000100000000)
  eden space 24064K, 0% used [0x00000000d5a00000,0x00000000d5a00000,0x00000000d7180000)
  from space 1024K, 6% used [0x00000000d7280000,0x00000000d7290000,0x00000000d7380000)
  to   space 1024K, 0% used [0x00000000d7180000,0x00000000d7180000,0x00000000d7280000)
 ParOldGen       total 87552K, used 6933K [0x0000000080e00000, 0x0000000086380000, 0x00000000d5a00000)
  object space 87552K, 7% used [0x0000000080e00000,0x00000000814c5760,0x0000000086380000)
 Metaspace       used 12792K, capacity 13007K, committed 13312K, reserved 1060864K
  class space    used 1362K, capacity 1423K, committed 1536K, reserved 1048576K
}
Event: 428.721 GC heap before
{Heap before GC invocations=51 (full 0):
 PSYoungGen      total 25088K, used 24128K [0x00000000d5a00000, 0x00000000d7380000, 0x0000000100000000)
  eden space 24064K, 100% used [0x00000000d5a00000,0x00000000d7180000,0x00000000d7180000)
  from space 1024K, 6% used [0x00000000d7280000,0x00000000d7290000,0x00000000d7380000)
  to   space 1024K, 0% used [0x00000000d7180000,0x00000000d7180000,0x00000000d7280000)
 ParOldGen       total 87552K, used 6933K [0x0000000080e00000, 0x0000000086380000, 0x00000000d5a00000)
  object space 87552K, 7% used [0x0000000080e00000,0x00000000814c5760,0x0000000086380000)
 Metaspace       used 12792K, capacity 13007K, committed 13312K, reserved 1060864K
  class space    used 1362K, capacity 1423K, committed 1536K, reserved 1048576K
Event: 428.722 GC heap after
Heap after GC invocations=51 (full 0):
 PSYoungGen      total 25088K, used 64K [0x00000000d5a00000, 0x00000000d7380000, 0x0000000100000000)
  eden space 24064K, 0% used [0x00000000d5a00000,0x00000000d5a00000,0x00000000d7180000)
  from space 1024K, 6% used [0x00000000d7180000,0x00000000d7190000,0x00000000d7280000)
  to   space 1024K, 0% used [0x00000000d7280000,0x00000000d7280000,0x00000000d7380000)
 ParOldGen       total 87552K, used 6933K [0x0000000080e00000, 0x0000000086380000, 0x00000000d5a00000)
  object space 87552K, 7% used [0x0000000080e00000,0x00000000814c5760,0x0000000086380000)
 Metaspace       used 12792K, capacity 13007K, committed 13312K, reserved 1060864K
  class space    used 1362K, capacity 1423K, committed 1536K, reserved 1048576K
}
Event: 436.648 GC heap before
{Heap before GC invocations=52 (full 0):
 PSYoungGen      total 25088K, used 24128K [0x00000000d5a00000, 0x00000000d7380000, 0x0000000100000000)
  eden space 24064K, 100% used [0x00000000d5a00000,0x00000000d7180000,0x00000000d7180000)
  from space 1024K, 6% used [0x00000000d7180000,0x00000000d7190000,0x00000000d7280000)
  to   space 1024K, 0% used [0x00000000d7280000,0x00000000d7280000,0x00000000d7380000)
 ParOldGen       total 87552K, used 6933K [0x0000000080e00000, 0x0000000086380000, 0x00000000d5a00000)
  object space 87552K, 7% used [0x0000000080e00000,0x00000000814c5760,0x0000000086380000)
 Metaspace       used 12792K, capacity 13007K, committed 13312K, reserved 1060864K
  class space    used 1362K, capacity 1423K, committed 1536K, reserved 1048576K
Event: 436.649 GC heap after
Heap after GC invocations=52 (full 0):
 PSYoungGen      total 25088K, used 32K [0x00000000d5a00000, 0x00000000d7380000, 0x0000000100000000)
  eden space 24064K, 0% used [0x00000000d5a00000,0x00000000d5a00000,0x00000000d7180000)
  from space 1024K, 3% used [0x00000000d7280000,0x00000000d7288000,0x00000000d7380000)
  to   space 1024K, 0% used [0x00000000d7180000,0x00000000d7180000,0x00000000d7280000)
 ParOldGen       total 87552K, used 6933K [0x0000000080e00000, 0x0000000086380000, 0x00000000d5a00000)
  object space 87552K, 7% used [0x0000000080e00000,0x00000000814c5760,0x0000000086380000)
 Metaspace       used 12792K, capacity 13007K, committed 13312K, reserved 1060864K
  class space    used 1362K, capacity 1423K, committed 1536K, reserved 1048576K
}

