# JRE version: Java(TM) SE Runtime Environment (8.0_66-b18) (build 1.8.0_66-b18)
# Java VM: Java HotSpot(TM) Client VM (25.66-b18 mixed mode, sharing windows-x86 )
Heap:
 def new generation   total 4992K, used 4148K [0x04400000, 0x04960000, 0x09950000)
  eden space 4480K,  92% used [0x04400000, 0x0480d070, 0x04860000)
  from space 512K,   0% used [0x048e0000, 0x048e0000, 0x04960000)
  to   space 512K,   0% used [0x04860000, 0x04860000, 0x048e0000)
 tenured generation   total 10944K, used 2482K [0x09950000, 0x0a400000, 0x14400000)
   the space 10944K,  22% used [0x09950000, 0x09bbcab0, 0x09bbcc00, 0x0a400000)
 Metaspace       used 1479K, capacity 3491K, committed 3520K, reserved 4480K
GC Heap History (10 events):
Event: 1.563 GC heap before
{Heap before GC invocations=1 (full 0):
 def new generation   total 4928K, used 4928K [0x04400000, 0x04950000, 0x09950000)
  eden space 4416K, 100% used [0x04400000, 0x04850000, 0x04850000)
  from space 512K, 100% used [0x048d0000, 0x04950000, 0x04950000)
  to   space 512K,   0% used [0x04850000, 0x04850000, 0x048d0000)
 tenured generation   total 10944K, used 984K [0x09950000, 0x0a400000, 0x14400000)
   the space 10944K,   8% used [0x09950000, 0x09a463b8, 0x09a46400, 0x0a400000)
 Metaspace       used 1417K, capacity 3427K, committed 3520K, reserved 4480K
Event: 1.566 GC heap after
Heap after GC invocations=2 (full 0):
 def new generation   total 4928K, used 512K [0x04400000, 0x04950000, 0x09950000)
  eden space 4416K,   0% used [0x04400000, 0x04400000, 0x04850000)
  from space 512K, 100% used [0x04850000, 0x048d0000, 0x048d0000)
  to   space 512K,   0% used [0x048d0000, 0x048d0000, 0x04950000)
 tenured generation   total 10944K, used 2017K [0x09950000, 0x0a400000, 0x14400000)
   the space 10944K,  18% used [0x09950000, 0x09b48410, 0x09b48600, 0x0a400000)
 Metaspace       used 1417K, capacity 3427K, committed 3520K, reserved 4480K
}
Event: 6.152 GC heap before
{Heap before GC invocations=2 (full 0):
 def new generation   total 4928K, used 4928K [0x04400000, 0x04950000, 0x09950000)
  eden space 4416K, 100% used [0x04400000, 0x04850000, 0x04850000)
  from space 512K, 100% used [0x04850000, 0x048d0000, 0x048d0000)
  to   space 512K,   0% used [0x048d0000, 0x048d0000, 0x04950000)
 tenured generation   total 10944K, used 2017K [0x09950000, 0x0a400000, 0x14400000)
   the space 10944K,  18% used [0x09950000, 0x09b48410, 0x09b48600, 0x0a400000)
 Metaspace       used 1417K, capacity 3427K, committed 3520K, reserved 4480K
Event: 6.153 GC heap after
Heap after GC invocations=3 (full 0):
 def new generation   total 4992K, used 0K [0x04400000, 0x04960000, 0x09950000)
  eden space 4480K,   0% used [0x04400000, 0x04400000, 0x04860000)
  from space 512K,   0% used [0x04860000, 0x04860000, 0x048e0000)
  to   space 512K,   0% used [0x048e0000, 0x048e0000, 0x04960000)
 tenured generation   total 10944K, used 2482K [0x09950000, 0x0a400000, 0x14400000)
   the space 10944K,  22% used [0x09950000, 0x09bbcab0, 0x09bbcc00, 0x0a400000)
 Metaspace       used 1417K, capacity 3427K, committed 3520K, reserved 4480K
}
Event: 10.865 GC heap before
{Heap before GC invocations=3 (full 0):
 def new generation   total 4992K, used 4480K [0x04400000, 0x04960000, 0x09950000)
  eden space 4480K, 100% used [0x04400000, 0x04860000, 0x04860000)
  from space 512K,   0% used [0x04860000, 0x04860000, 0x048e0000)
  to   space 512K,   0% used [0x048e0000, 0x048e0000, 0x04960000)
 tenured generation   total 10944K, used 2482K [0x09950000, 0x0a400000, 0x14400000)
   the space 10944K,  22% used [0x09950000, 0x09bbcab0, 0x09bbcc00, 0x0a400000)
 Metaspace       used 1417K, capacity 3427K, committed 3520K, reserved 4480K
Event: 10.865 GC heap after
Heap after GC invocations=4 (full 0):
 def new generation   total 4992K, used 0K [0x04400000, 0x04960000, 0x09950000)
  eden space 4480K,   0% used [0x04400000, 0x04400000, 0x04860000)
  from space 512K,   0% used [0x048e0000, 0x048e0000, 0x04960000)
  to   space 512K,   0% used [0x04860000, 0x04860000, 0x048e0000)
 tenured generation   total 10944K, used 2482K [0x09950000, 0x0a400000, 0x14400000)
   the space 10944K,  22% used [0x09950000, 0x09bbcab0, 0x09bbcc00, 0x0a400000)
 Metaspace       used 1417K, capacity 3427K, committed 3520K, reserved 4480K
}
Event: 17.549 GC heap before
{Heap before GC invocations=4 (full 0):
 def new generation   total 4992K, used 4480K [0x04400000, 0x04960000, 0x09950000)
  eden space 4480K, 100% used [0x04400000, 0x04860000, 0x04860000)
  from space 512K,   0% used [0x048e0000, 0x048e0000, 0x04960000)
  to   space 512K,   0% used [0x04860000, 0x04860000, 0x048e0000)
 tenured generation   total 10944K, used 2482K [0x09950000, 0x0a400000, 0x14400000)
   the space 10944K,  22% used [0x09950000, 0x09bbcab0, 0x09bbcc00, 0x0a400000)
 Metaspace       used 1417K, capacity 3427K, committed 3520K, reserved 4480K
Event: 17.549 GC heap after
Heap after GC invocations=5 (full 0):
 def new generation   total 4992K, used 0K [0x04400000, 0x04960000, 0x09950000)
  eden space 4480K,   0% used [0x04400000, 0x04400000, 0x04860000)
  from space 512K,   0% used [0x04860000, 0x04860000, 0x048e0000)
  to   space 512K,   0% used [0x048e0000, 0x048e0000, 0x04960000)
 tenured generation   total 10944K, used 2482K [0x09950000, 0x0a400000, 0x14400000)
   the space 10944K,  22% used [0x09950000, 0x09bbcab0, 0x09bbcc00, 0x0a400000)
 Metaspace       used 1417K, capacity 3427K, committed 3520K, reserved 4480K
}
Event: 26.497 GC heap before
{Heap before GC invocations=5 (full 0):
 def new generation   total 4992K, used 4480K [0x04400000, 0x04960000, 0x09950000)
  eden space 4480K, 100% used [0x04400000, 0x04860000, 0x04860000)
  from space 512K,   0% used [0x04860000, 0x04860000, 0x048e0000)
  to   space 512K,   0% used [0x048e0000, 0x048e0000, 0x04960000)
 tenured generation   total 10944K, used 2482K [0x09950000, 0x0a400000, 0x14400000)
   the space 10944K,  22% used [0x09950000, 0x09bbcab0, 0x09bbcc00, 0x0a400000)
 Metaspace       used 1417K, capacity 3427K, committed 3520K, reserved 4480K
Event: 26.497 GC heap after
Heap after GC invocations=6 (full 0):
 def new generation   total 4992K, used 0K [0x04400000, 0x04960000, 0x09950000)
  eden space 4480K,   0% used [0x04400000, 0x04400000, 0x04860000)
  from space 512K,   0% used [0x048e0000, 0x048e0000, 0x04960000)
  to   space 512K,   0% used [0x04860000, 0x04860000, 0x048e0000)
 tenured generation   total 10944K, used 2482K [0x09950000, 0x0a400000, 0x14400000)
   the space 10944K,  22% used [0x09950000, 0x09bbcab0, 0x09bbcc00, 0x0a400000)
 Metaspace       used 1417K, capacity 3427K, committed 3520K, reserved 4480K
}

