# JRE version: Java(TM) SE Runtime Environment (8.0_66-b18) (build 1.8.0_66-b18)
# Java VM: Java HotSpot(TM) 64-Bit Server VM (25.66-b18 mixed mode windows-amd64 compressed oops)
Heap:
 PSYoungGen      total 25600K, used 21981K [0x00000000d5a00000, 0x00000000d7480000, 0x0000000100000000)
  eden space 24064K, 89% used [0x00000000d5a00000,0x00000000d6f07530,0x00000000d7180000)
  from space 1536K, 29% used [0x00000000d7180000,0x00000000d71f0000,0x00000000d7300000)
  to   space 1536K, 0% used [0x00000000d7300000,0x00000000d7300000,0x00000000d7480000)
 ParOldGen       total 87552K, used 8029K [0x0000000080e00000, 0x0000000086380000, 0x00000000d5a00000)
  object space 87552K, 9% used [0x0000000080e00000,0x00000000815d76c8,0x0000000086380000)
 Metaspace       used 12907K, capacity 13147K, committed 13568K, reserved 1060864K
  class space    used 1365K, capacity 1423K, committed 1536K, reserved 1048576K
GC Heap History (10 events):
Event: 124.655 GC heap before
{Heap before GC invocations=43 (full 0):
 PSYoungGen      total 26112K, used 24544K [0x00000000d5a00000, 0x00000000d7580000, 0x0000000100000000)
  eden space 24064K, 100% used [0x00000000d5a00000,0x00000000d7180000,0x00000000d7180000)
  from space 2048K, 23% used [0x00000000d7380000,0x00000000d73f8000,0x00000000d7580000)
  to   space 2048K, 0% used [0x00000000d7180000,0x00000000d7180000,0x00000000d7380000)
 ParOldGen       total 87552K, used 7957K [0x0000000080e00000, 0x0000000086380000, 0x00000000d5a00000)
  object space 87552K, 9% used [0x0000000080e00000,0x00000000815c56c8,0x0000000086380000)
 Metaspace       used 12784K, capacity 13019K, committed 13312K, reserved 1060864K
  class space    used 1358K, capacity 1423K, committed 1536K, reserved 1048576K
Event: 124.656 GC heap after
Heap after GC invocations=43 (full 0):
 PSYoungGen      total 26112K, used 448K [0x00000000d5a00000, 0x00000000d7580000, 0x0000000100000000)
  eden space 24064K, 0% used [0x00000000d5a00000,0x00000000d5a00000,0x00000000d7180000)
  from space 2048K, 21% used [0x00000000d7180000,0x00000000d71f0000,0x00000000d7380000)
  to   space 2048K, 0% used [0x00000000d7380000,0x00000000d7380000,0x00000000d7580000)
 ParOldGen       total 87552K, used 7957K [0x0000000080e00000, 0x0000000086380000, 0x00000000d5a00000)
  object space 87552K, 9% used [0x0000000080e00000,0x00000000815c56c8,0x0000000086380000)
 Metaspace       used 12784K, capacity 13019K, committed 13312K, reserved 1060864K
  class space    used 1358K, capacity 1423K, committed 1536K, reserved 1048576K
}
Event: 147.456 GC heap before
{Heap before GC invocations=44 (full 0):
 PSYoungGen      total 26112K, used 24512K [0x00000000d5a00000, 0x00000000d7580000, 0x0000000100000000)
  eden space 24064K, 100% used [0x00000000d5a00000,0x00000000d7180000,0x00000000d7180000)
  from space 2048K, 21% used [0x00000000d7180000,0x00000000d71f0000,0x00000000d7380000)
  to   space 2048K, 0% used [0x00000000d7380000,0x00000000d7380000,0x00000000d7580000)
 ParOldGen       total 87552K, used 7957K [0x0000000080e00000, 0x0000000086380000, 0x00000000d5a00000)
  object space 87552K, 9% used [0x0000000080e00000,0x00000000815c56c8,0x0000000086380000)
 Metaspace       used 12784K, capacity 13019K, committed 13312K, reserved 1060864K
  class space    used 1358K, capacity 1423K, committed 1536K, reserved 1048576K
Event: 147.457 GC heap after
Heap after GC invocations=44 (full 0):
 PSYoungGen      total 25088K, used 384K [0x00000000d5a00000, 0x00000000d7480000, 0x0000000100000000)
  eden space 24064K, 0% used [0x00000000d5a00000,0x00000000d5a00000,0x00000000d7180000)
  from space 1024K, 37% used [0x00000000d7380000,0x00000000d73e0000,0x00000000d7480000)
  to   space 1536K, 0% used [0x00000000d7180000,0x00000000d7180000,0x00000000d7300000)
 ParOldGen       total 87552K, used 7973K [0x0000000080e00000, 0x0000000086380000, 0x00000000d5a00000)
  object space 87552K, 9% used [0x0000000080e00000,0x00000000815c96c8,0x0000000086380000)
 Metaspace       used 12784K, capacity 13019K, committed 13312K, reserved 1060864K
  class space    used 1358K, capacity 1423K, committed 1536K, reserved 1048576K
}
Event: 148.662 GC heap before
{Heap before GC invocations=45 (full 0):
 PSYoungGen      total 25088K, used 24448K [0x00000000d5a00000, 0x00000000d7480000, 0x0000000100000000)
  eden space 24064K, 100% used [0x00000000d5a00000,0x00000000d7180000,0x00000000d7180000)
  from space 1024K, 37% used [0x00000000d7380000,0x00000000d73e0000,0x00000000d7480000)
  to   space 1536K, 0% used [0x00000000d7180000,0x00000000d7180000,0x00000000d7300000)
 ParOldGen       total 87552K, used 7973K [0x0000000080e00000, 0x0000000086380000, 0x00000000d5a00000)
  object space 87552K, 9% used [0x0000000080e00000,0x00000000815c96c8,0x0000000086380000)
 Metaspace       used 12784K, capacity 13019K, committed 13312K, reserved 1060864K
  class space    used 1358K, capacity 1423K, committed 1536K, reserved 1048576K
Event: 148.663 GC heap after
Heap after GC invocations=45 (full 0):
 PSYoungGen      total 25600K, used 480K [0x00000000d5a00000, 0x00000000d7480000, 0x0000000100000000)
  eden space 24064K, 0% used [0x00000000d5a00000,0x00000000d5a00000,0x00000000d7180000)
  from space 1536K, 31% used [0x00000000d7180000,0x00000000d71f8000,0x00000000d7300000)
  to   space 1536K, 0% used [0x00000000d7300000,0x00000000d7300000,0x00000000d7480000)
 ParOldGen       total 87552K, used 7989K [0x0000000080e00000, 0x0000000086380000, 0x00000000d5a00000)
  object space 87552K, 9% used [0x0000000080e00000,0x00000000815cd6c8,0x0000000086380000)
 Metaspace       used 12784K, capacity 13019K, committed 13312K, reserved 1060864K
  class space    used 1358K, capacity 1423K, committed 1536K, reserved 1048576K
}
Event: 149.947 GC heap before
{Heap before GC invocations=46 (full 0):
 PSYoungGen      total 25600K, used 24544K [0x00000000d5a00000, 0x00000000d7480000, 0x0000000100000000)
  eden space 24064K, 100% used [0x00000000d5a00000,0x00000000d7180000,0x00000000d7180000)
  from space 1536K, 31% used [0x00000000d7180000,0x00000000d71f8000,0x00000000d7300000)
  to   space 1536K, 0% used [0x00000000d7300000,0x00000000d7300000,0x00000000d7480000)
 ParOldGen       total 87552K, used 7989K [0x0000000080e00000, 0x0000000086380000, 0x00000000d5a00000)
  object space 87552K, 9% used [0x0000000080e00000,0x00000000815cd6c8,0x0000000086380000)
 Metaspace       used 12784K, capacity 13019K, committed 13312K, reserved 1060864K
  class space    used 1358K, capacity 1423K, committed 1536K, reserved 1048576K
Event: 149.948 GC heap after
Heap after GC invocations=46 (full 0):
 PSYoungGen      total 25600K, used 448K [0x00000000d5a00000, 0x00000000d7480000, 0x0000000100000000)
  eden space 24064K, 0% used [0x00000000d5a00000,0x00000000d5a00000,0x00000000d7180000)
  from space 1536K, 29% used [0x00000000d7300000,0x00000000d7370000,0x00000000d7480000)
  to   space 1536K, 0% used [0x00000000d7180000,0x00000000d7180000,0x00000000d7300000)
 ParOldGen       total 87552K, used 8005K [0x0000000080e00000, 0x0000000086380000, 0x00000000d5a00000)
  object space 87552K, 9% used [0x0000000080e00000,0x00000000815d16c8,0x0000000086380000)
 Metaspace       used 12784K, capacity 13019K, committed 13312K, reserved 1060864K
  class space    used 1358K, capacity 1423K, committed 1536K, reserved 1048576K
}
Event: 150.697 GC heap before
{Heap before GC invocations=47 (full 0):
 PSYoungGen      total 25600K, used 24512K [0x00000000d5a00000, 0x00000000d7480000, 0x0000000100000000)
  eden space 24064K, 100% used [0x00000000d5a00000,0x00000000d7180000,0x00000000d7180000)
  from space 1536K, 29% used [0x00000000d7300000,0x00000000d7370000,0x00000000d7480000)
  to   space 1536K, 0% used [0x00000000d7180000,0x00000000d7180000,0x00000000d7300000)
 ParOldGen       total 87552K, used 8005K [0x0000000080e00000, 0x0000000086380000, 0x00000000d5a00000)
  object space 87552K, 9% used [0x0000000080e00000,0x00000000815d16c8,0x0000000086380000)
 Metaspace       used 12784K, capacity 13019K, committed 13312K, reserved 1060864K
  class space    used 1358K, capacity 1423K, committed 1536K, reserved 1048576K
Event: 150.698 GC heap after
Heap after GC invocations=47 (full 0):
 PSYoungGen      total 25600K, used 448K [0x00000000d5a00000, 0x00000000d7480000, 0x0000000100000000)
  eden space 24064K, 0% used [0x00000000d5a00000,0x00000000d5a00000,0x00000000d7180000)
  from space 1536K, 29% used [0x00000000d7180000,0x00000000d71f0000,0x00000000d7300000)
  to   space 1536K, 0% used [0x00000000d7300000,0x00000000d7300000,0x00000000d7480000)
 ParOldGen       total 87552K, used 8029K [0x0000000080e00000, 0x0000000086380000, 0x00000000d5a00000)
  object space 87552K, 9% used [0x0000000080e00000,0x00000000815d76c8,0x0000000086380000)
 Metaspace       used 12784K, capacity 13019K, committed 13312K, reserved 1060864K
  class space    used 1358K, capacity 1423K, committed 1536K, reserved 1048576K
}

