# JRE version: Java(TM) SE Runtime Environment (8.0_66-b18) (build 1.8.0_66-b18)
# Java VM: Java HotSpot(TM) Client VM (25.66-b18 mixed mode, sharing windows-x86 )
Heap:
 def new generation   total 4928K, used 2430K [0x04400000, 0x04950000, 0x09950000)
  eden space 4416K,  52% used [0x04400000, 0x0463ebe8, 0x04850000)
  from space 512K,  25% used [0x04850000, 0x04870fc8, 0x048d0000)
  to   space 512K,   0% used [0x048d0000, 0x048d0000, 0x04950000)
 tenured generation   total 10944K, used 6337K [0x09950000, 0x0a400000, 0x14400000)
   the space 10944K,  57% used [0x09950000, 0x09f80638, 0x09f80800, 0x0a400000)
 Metaspace       used 2232K, capacity 3700K, committed 3776K, reserved 4480K
GC Heap History (10 events):
Event: 1.532 GC heap before
{Heap before GC invocations=7 (full 0):
 def new generation   total 4928K, used 4543K [0x04400000, 0x04950000, 0x09950000)
  eden space 4416K, 100% used [0x04400000, 0x04850000, 0x04850000)
  from space 512K,  24% used [0x048d0000, 0x048efc58, 0x04950000)
  to   space 512K,   0% used [0x04850000, 0x04850000, 0x048d0000)
 tenured generation   total 10944K, used 6337K [0x09950000, 0x0a400000, 0x14400000)
   the space 10944K,  57% used [0x09950000, 0x09f80638, 0x09f80800, 0x0a400000)
 Metaspace       used 2161K, capacity 3636K, committed 3648K, reserved 4480K
Event: 1.533 GC heap after
Heap after GC invocations=8 (full 0):
 def new generation   total 4928K, used 136K [0x04400000, 0x04950000, 0x09950000)
  eden space 4416K,   0% used [0x04400000, 0x04400000, 0x04850000)
  from space 512K,  26% used [0x04850000, 0x04872360, 0x048d0000)
  to   space 512K,   0% used [0x048d0000, 0x048d0000, 0x04950000)
 tenured generation   total 10944K, used 6337K [0x09950000, 0x0a400000, 0x14400000)
   the space 10944K,  57% used [0x09950000, 0x09f80638, 0x09f80800, 0x0a400000)
 Metaspace       used 2161K, capacity 3636K, committed 3648K, reserved 4480K
}
Event: 5.273 GC heap before
{Heap before GC invocations=8 (full 0):
 def new generation   total 4928K, used 4552K [0x04400000, 0x04950000, 0x09950000)
  eden space 4416K, 100% used [0x04400000, 0x04850000, 0x04850000)
  from space 512K,  26% used [0x04850000, 0x04872360, 0x048d0000)
  to   space 512K,   0% used [0x048d0000, 0x048d0000, 0x04950000)
 tenured generation   total 10944K, used 6337K [0x09950000, 0x0a400000, 0x14400000)
   the space 10944K,  57% used [0x09950000, 0x09f80638, 0x09f80800, 0x0a400000)
 Metaspace       used 2168K, capacity 3668K, committed 3776K, reserved 4480K
Event: 5.274 GC heap after
Heap after GC invocations=9 (full 0):
 def new generation   total 4928K, used 140K [0x04400000, 0x04950000, 0x09950000)
  eden space 4416K,   0% used [0x04400000, 0x04400000, 0x04850000)
  from space 512K,  27% used [0x048d0000, 0x048f33d0, 0x04950000)
  to   space 512K,   0% used [0x04850000, 0x04850000, 0x048d0000)
 tenured generation   total 10944K, used 6337K [0x09950000, 0x0a400000, 0x14400000)
   the space 10944K,  57% used [0x09950000, 0x09f80638, 0x09f80800, 0x0a400000)
 Metaspace       used 2168K, capacity 3668K, committed 3776K, reserved 4480K
}
Event: 8.861 GC heap before
{Heap before GC invocations=9 (full 0):
 def new generation   total 4928K, used 4556K [0x04400000, 0x04950000, 0x09950000)
  eden space 4416K, 100% used [0x04400000, 0x04850000, 0x04850000)
  from space 512K,  27% used [0x048d0000, 0x048f33d0, 0x04950000)
  to   space 512K,   0% used [0x04850000, 0x04850000, 0x048d0000)
 tenured generation   total 10944K, used 6337K [0x09950000, 0x0a400000, 0x14400000)
   the space 10944K,  57% used [0x09950000, 0x09f80638, 0x09f80800, 0x0a400000)
 Metaspace       used 2168K, capacity 3668K, committed 3776K, reserved 4480K
Event: 8.862 GC heap after
Heap after GC invocations=10 (full 0):
 def new generation   total 4928K, used 131K [0x04400000, 0x04950000, 0x09950000)
  eden space 4416K,   0% used [0x04400000, 0x04400000, 0x04850000)
  from space 512K,  25% used [0x04850000, 0x04870fc8, 0x048d0000)
  to   space 512K,   0% used [0x048d0000, 0x048d0000, 0x04950000)
 tenured generation   total 10944K, used 6337K [0x09950000, 0x0a400000, 0x14400000)
   the space 10944K,  57% used [0x09950000, 0x09f80638, 0x09f80800, 0x0a400000)
 Metaspace       used 2168K, capacity 3668K, committed 3776K, reserved 4480K
}
Event: 12.457 GC heap before
{Heap before GC invocations=10 (full 0):
 def new generation   total 4928K, used 4547K [0x04400000, 0x04950000, 0x09950000)
  eden space 4416K, 100% used [0x04400000, 0x04850000, 0x04850000)
  from space 512K,  25% used [0x04850000, 0x04870fc8, 0x048d0000)
  to   space 512K,   0% used [0x048d0000, 0x048d0000, 0x04950000)
 tenured generation   total 10944K, used 6337K [0x09950000, 0x0a400000, 0x14400000)
   the space 10944K,  57% used [0x09950000, 0x09f80638, 0x09f80800, 0x0a400000)
 Metaspace       used 2168K, capacity 3668K, committed 3776K, reserved 4480K
Event: 12.458 GC heap after
Heap after GC invocations=11 (full 0):
 def new generation   total 4928K, used 131K [0x04400000, 0x04950000, 0x09950000)
  eden space 4416K,   0% used [0x04400000, 0x04400000, 0x04850000)
  from space 512K,  25% used [0x048d0000, 0x048f0fc8, 0x04950000)
  to   space 512K,   0% used [0x04850000, 0x04850000, 0x048d0000)
 tenured generation   total 10944K, used 6337K [0x09950000, 0x0a400000, 0x14400000)
   the space 10944K,  57% used [0x09950000, 0x09f80638, 0x09f80800, 0x0a400000)
 Metaspace       used 2168K, capacity 3668K, committed 3776K, reserved 4480K
}
Event: 18.440 GC heap before
{Heap before GC invocations=11 (full 0):
 def new generation   total 4928K, used 4547K [0x04400000, 0x04950000, 0x09950000)
  eden space 4416K, 100% used [0x04400000, 0x04850000, 0x04850000)
  from space 512K,  25% used [0x048d0000, 0x048f0fc8, 0x04950000)
  to   space 512K,   0% used [0x04850000, 0x04850000, 0x048d0000)
 tenured generation   total 10944K, used 6337K [0x09950000, 0x0a400000, 0x14400000)
   the space 10944K,  57% used [0x09950000, 0x09f80638, 0x09f80800, 0x0a400000)
 Metaspace       used 2168K, capacity 3668K, committed 3776K, reserved 4480K
Event: 18.441 GC heap after
Heap after GC invocations=12 (full 0):
 def new generation   total 4928K, used 131K [0x04400000, 0x04950000, 0x09950000)
  eden space 4416K,   0% used [0x04400000, 0x04400000, 0x04850000)
  from space 512K,  25% used [0x04850000, 0x04870fc8, 0x048d0000)
  to   space 512K,   0% used [0x048d0000, 0x048d0000, 0x04950000)
 tenured generation   total 10944K, used 6337K [0x09950000, 0x0a400000, 0x14400000)
   the space 10944K,  57% used [0x09950000, 0x09f80638, 0x09f80800, 0x0a400000)
 Metaspace       used 2168K, capacity 3668K, committed 3776K, reserved 4480K
}

