# JRE version: Java(TM) SE Runtime Environment (8.0_66-b18) (build 1.8.0_66-b18)
# Java VM: Java HotSpot(TM) 64-Bit Server VM (25.66-b18 mixed mode windows-amd64 compressed oops)
Heap:
 PSYoungGen      total 24576K, used 13122K [0x00000000d5a00000, 0x00000000d7700000, 0x0000000100000000)
  eden space 24064K, 54% used [0x00000000d5a00000,0x00000000d66c0a18,0x00000000d7180000)
  from space 512K, 12% used [0x00000000d7680000,0x00000000d7690000,0x00000000d7700000)
  to   space 512K, 0% used [0x00000000d7600000,0x00000000d7600000,0x00000000d7680000)
 ParOldGen       total 87552K, used 19432K [0x0000000080e00000, 0x0000000086380000, 0x00000000d5a00000)
  object space 87552K, 22% used [0x0000000080e00000,0x00000000820fa180,0x0000000086380000)
 Metaspace       used 12416K, capacity 12745K, committed 12928K, reserved 1060864K
  class space    used 1299K, capacity 1404K, committed 1408K, reserved 1048576K
GC Heap History (10 events):
Event: 747.431 GC heap before
{Heap before GC invocations=228 (full 0):
 PSYoungGen      total 24576K, used 24128K [0x00000000d5a00000, 0x00000000d7700000, 0x0000000100000000)
  eden space 24064K, 100% used [0x00000000d5a00000,0x00000000d7180000,0x00000000d7180000)
  from space 512K, 12% used [0x00000000d7600000,0x00000000d7610000,0x00000000d7680000)
  to   space 512K, 0% used [0x00000000d7680000,0x00000000d7680000,0x00000000d7700000)
 ParOldGen       total 87552K, used 19432K [0x0000000080e00000, 0x0000000086380000, 0x00000000d5a00000)
  object space 87552K, 22% used [0x0000000080e00000,0x00000000820fa180,0x0000000086380000)
 Metaspace       used 12303K, capacity 12585K, committed 12928K, reserved 1060864K
  class space    used 1292K, capacity 1372K, committed 1408K, reserved 1048576K
Event: 747.432 GC heap after
Heap after GC invocations=228 (full 0):
 PSYoungGen      total 24576K, used 64K [0x00000000d5a00000, 0x00000000d7700000, 0x0000000100000000)
  eden space 24064K, 0% used [0x00000000d5a00000,0x00000000d5a00000,0x00000000d7180000)
  from space 512K, 12% used [0x00000000d7680000,0x00000000d7690000,0x00000000d7700000)
  to   space 512K, 0% used [0x00000000d7600000,0x00000000d7600000,0x00000000d7680000)
 ParOldGen       total 87552K, used 19432K [0x0000000080e00000, 0x0000000086380000, 0x00000000d5a00000)
  object space 87552K, 22% used [0x0000000080e00000,0x00000000820fa180,0x0000000086380000)
 Metaspace       used 12303K, capacity 12585K, committed 12928K, reserved 1060864K
  class space    used 1292K, capacity 1372K, committed 1408K, reserved 1048576K
}
Event: 749.659 GC heap before
{Heap before GC invocations=229 (full 0):
 PSYoungGen      total 24576K, used 24128K [0x00000000d5a00000, 0x00000000d7700000, 0x0000000100000000)
  eden space 24064K, 100% used [0x00000000d5a00000,0x00000000d7180000,0x00000000d7180000)
  from space 512K, 12% used [0x00000000d7680000,0x00000000d7690000,0x00000000d7700000)
  to   space 512K, 0% used [0x00000000d7600000,0x00000000d7600000,0x00000000d7680000)
 ParOldGen       total 87552K, used 19432K [0x0000000080e00000, 0x0000000086380000, 0x00000000d5a00000)
  object space 87552K, 22% used [0x0000000080e00000,0x00000000820fa180,0x0000000086380000)
 Metaspace       used 12303K, capacity 12585K, committed 12928K, reserved 1060864K
  class space    used 1292K, capacity 1372K, committed 1408K, reserved 1048576K
Event: 749.660 GC heap after
Heap after GC invocations=229 (full 0):
 PSYoungGen      total 24576K, used 64K [0x00000000d5a00000, 0x00000000d7700000, 0x0000000100000000)
  eden space 24064K, 0% used [0x00000000d5a00000,0x00000000d5a00000,0x00000000d7180000)
  from space 512K, 12% used [0x00000000d7600000,0x00000000d7610000,0x00000000d7680000)
  to   space 512K, 0% used [0x00000000d7680000,0x00000000d7680000,0x00000000d7700000)
 ParOldGen       total 87552K, used 19432K [0x0000000080e00000, 0x0000000086380000, 0x00000000d5a00000)
  object space 87552K, 22% used [0x0000000080e00000,0x00000000820fa180,0x0000000086380000)
 Metaspace       used 12303K, capacity 12585K, committed 12928K, reserved 1060864K
  class space    used 1292K, capacity 1372K, committed 1408K, reserved 1048576K
}
Event: 751.884 GC heap before
{Heap before GC invocations=230 (full 0):
 PSYoungGen      total 24576K, used 24128K [0x00000000d5a00000, 0x00000000d7700000, 0x0000000100000000)
  eden space 24064K, 100% used [0x00000000d5a00000,0x00000000d7180000,0x00000000d7180000)
  from space 512K, 12% used [0x00000000d7600000,0x00000000d7610000,0x00000000d7680000)
  to   space 512K, 0% used [0x00000000d7680000,0x00000000d7680000,0x00000000d7700000)
 ParOldGen       total 87552K, used 19432K [0x0000000080e00000, 0x0000000086380000, 0x00000000d5a00000)
  object space 87552K, 22% used [0x0000000080e00000,0x00000000820fa180,0x0000000086380000)
 Metaspace       used 12303K, capacity 12585K, committed 12928K, reserved 1060864K
  class space    used 1292K, capacity 1372K, committed 1408K, reserved 1048576K
Event: 751.885 GC heap after
Heap after GC invocations=230 (full 0):
 PSYoungGen      total 24576K, used 64K [0x00000000d5a00000, 0x00000000d7700000, 0x0000000100000000)
  eden space 24064K, 0% used [0x00000000d5a00000,0x00000000d5a00000,0x00000000d7180000)
  from space 512K, 12% used [0x00000000d7680000,0x00000000d7690000,0x00000000d7700000)
  to   space 512K, 0% used [0x00000000d7600000,0x00000000d7600000,0x00000000d7680000)
 ParOldGen       total 87552K, used 19432K [0x0000000080e00000, 0x0000000086380000, 0x00000000d5a00000)
  object space 87552K, 22% used [0x0000000080e00000,0x00000000820fa180,0x0000000086380000)
 Metaspace       used 12303K, capacity 12585K, committed 12928K, reserved 1060864K
  class space    used 1292K, capacity 1372K, committed 1408K, reserved 1048576K
}
Event: 754.126 GC heap before
{Heap before GC invocations=231 (full 0):
 PSYoungGen      total 24576K, used 24128K [0x00000000d5a00000, 0x00000000d7700000, 0x0000000100000000)
  eden space 24064K, 100% used [0x00000000d5a00000,0x00000000d7180000,0x00000000d7180000)
  from space 512K, 12% used [0x00000000d7680000,0x00000000d7690000,0x00000000d7700000)
  to   space 512K, 0% used [0x00000000d7600000,0x00000000d7600000,0x00000000d7680000)
 ParOldGen       total 87552K, used 19432K [0x0000000080e00000, 0x0000000086380000, 0x00000000d5a00000)
  object space 87552K, 22% used [0x0000000080e00000,0x00000000820fa180,0x0000000086380000)
 Metaspace       used 12303K, capacity 12585K, committed 12928K, reserved 1060864K
  class space    used 1292K, capacity 1372K, committed 1408K, reserved 1048576K
Event: 754.126 GC heap after
Heap after GC invocations=231 (full 0):
 PSYoungGen      total 24576K, used 64K [0x00000000d5a00000, 0x00000000d7700000, 0x0000000100000000)
  eden space 24064K, 0% used [0x00000000d5a00000,0x00000000d5a00000,0x00000000d7180000)
  from space 512K, 12% used [0x00000000d7600000,0x00000000d7610000,0x00000000d7680000)
  to   space 512K, 0% used [0x00000000d7680000,0x00000000d7680000,0x00000000d7700000)
 ParOldGen       total 87552K, used 19432K [0x0000000080e00000, 0x0000000086380000, 0x00000000d5a00000)
  object space 87552K, 22% used [0x0000000080e00000,0x00000000820fa180,0x0000000086380000)
 Metaspace       used 12303K, capacity 12585K, committed 12928K, reserved 1060864K
  class space    used 1292K, capacity 1372K, committed 1408K, reserved 1048576K
}
Event: 756.435 GC heap before
{Heap before GC invocations=232 (full 0):
 PSYoungGen      total 24576K, used 24128K [0x00000000d5a00000, 0x00000000d7700000, 0x0000000100000000)
  eden space 24064K, 100% used [0x00000000d5a00000,0x00000000d7180000,0x00000000d7180000)
  from space 512K, 12% used [0x00000000d7600000,0x00000000d7610000,0x00000000d7680000)
  to   space 512K, 0% used [0x00000000d7680000,0x00000000d7680000,0x00000000d7700000)
 ParOldGen       total 87552K, used 19432K [0x0000000080e00000, 0x0000000086380000, 0x00000000d5a00000)
  object space 87552K, 22% used [0x0000000080e00000,0x00000000820fa180,0x0000000086380000)
 Metaspace       used 12305K, capacity 12585K, committed 12928K, reserved 1060864K
  class space    used 1292K, capacity 1372K, committed 1408K, reserved 1048576K
Event: 756.436 GC heap after
Heap after GC invocations=232 (full 0):
 PSYoungGen      total 24576K, used 64K [0x00000000d5a00000, 0x00000000d7700000, 0x0000000100000000)
  eden space 24064K, 0% used [0x00000000d5a00000,0x00000000d5a00000,0x00000000d7180000)
  from space 512K, 12% used [0x00000000d7680000,0x00000000d7690000,0x00000000d7700000)
  to   space 512K, 0% used [0x00000000d7600000,0x00000000d7600000,0x00000000d7680000)
 ParOldGen       total 87552K, used 19432K [0x0000000080e00000, 0x0000000086380000, 0x00000000d5a00000)
  object space 87552K, 22% used [0x0000000080e00000,0x00000000820fa180,0x0000000086380000)
 Metaspace       used 12305K, capacity 12585K, committed 12928K, reserved 1060864K
  class space    used 1292K, capacity 1372K, committed 1408K, reserved 1048576K
}

