# JRE version: Java(TM) SE Runtime Environment (8.0_66-b18) (build 1.8.0_66-b18)
# Java VM: Java HotSpot(TM) 64-Bit Server VM (25.66-b18 mixed mode windows-amd64 compressed oops)
Heap:
 PSYoungGen      total 32768K, used 26754K [0x00000000d5a00000, 0x00000000d8080000, 0x0000000100000000)
  eden space 27136K, 96% used [0x00000000d5a00000,0x00000000d73a0898,0x00000000d7480000)
  from space 5632K, 9% used [0x00000000d7b00000,0x00000000d7b80000,0x00000000d8080000)
  to   space 6144K, 0% used [0x00000000d7480000,0x00000000d7480000,0x00000000d7a80000)
 ParOldGen       total 87552K, used 23007K [0x0000000080e00000, 0x0000000086380000, 0x00000000d5a00000)
  object space 87552K, 26% used [0x0000000080e00000,0x0000000082477db8,0x0000000086380000)
 Metaspace       used 11696K, capacity 11905K, committed 12160K, reserved 1060864K
  class space    used 1233K, capacity 1292K, committed 1408K, reserved 1048576K
GC Heap History (10 events):
Event: 38.457 GC heap before
{Heap before GC invocations=12 (full 0):
 PSYoungGen      total 30720K, used 30272K [0x00000000d5a00000, 0x00000000d8500000, 0x0000000100000000)
  eden space 29696K, 100% used [0x00000000d5a00000,0x00000000d7700000,0x00000000d7700000)
  from space 1024K, 56% used [0x00000000d7780000,0x00000000d7810000,0x00000000d7880000)
  to   space 7168K, 0% used [0x00000000d7e00000,0x00000000d7e00000,0x00000000d8500000)
 ParOldGen       total 87552K, used 22943K [0x0000000080e00000, 0x0000000086380000, 0x00000000d5a00000)
  object space 87552K, 26% used [0x0000000080e00000,0x0000000082467db8,0x0000000086380000)
 Metaspace       used 11558K, capacity 11777K, committed 12160K, reserved 1060864K
  class space    used 1226K, capacity 1292K, committed 1408K, reserved 1048576K
Event: 38.458 GC heap after
Heap after GC invocations=12 (full 0):
 PSYoungGen      total 34816K, used 576K [0x00000000d5a00000, 0x00000000d8380000, 0x0000000100000000)
  eden space 29184K, 0% used [0x00000000d5a00000,0x00000000d5a00000,0x00000000d7680000)
  from space 5632K, 10% used [0x00000000d7e00000,0x00000000d7e90000,0x00000000d8380000)
  to   space 6656K, 0% used [0x00000000d7680000,0x00000000d7680000,0x00000000d7d00000)
 ParOldGen       total 87552K, used 22959K [0x0000000080e00000, 0x0000000086380000, 0x00000000d5a00000)
  object space 87552K, 26% used [0x0000000080e00000,0x000000008246bdb8,0x0000000086380000)
 Metaspace       used 11558K, capacity 11777K, committed 12160K, reserved 1060864K
  class space    used 1226K, capacity 1292K, committed 1408K, reserved 1048576K
}
Event: 39.382 GC heap before
{Heap before GC invocations=13 (full 0):
 PSYoungGen      total 34816K, used 29760K [0x00000000d5a00000, 0x00000000d8380000, 0x0000000100000000)
  eden space 29184K, 100% used [0x00000000d5a00000,0x00000000d7680000,0x00000000d7680000)
  from space 5632K, 10% used [0x00000000d7e00000,0x00000000d7e90000,0x00000000d8380000)
  to   space 6656K, 0% used [0x00000000d7680000,0x00000000d7680000,0x00000000d7d00000)
 ParOldGen       total 87552K, used 22959K [0x0000000080e00000, 0x0000000086380000, 0x00000000d5a00000)
  object space 87552K, 26% used [0x0000000080e00000,0x000000008246bdb8,0x0000000086380000)
 Metaspace       used 11561K, capacity 11777K, committed 12160K, reserved 1060864K
  class space    used 1226K, capacity 1292K, committed 1408K, reserved 1048576K
Event: 39.383 GC heap after
Heap after GC invocations=13 (full 0):
 PSYoungGen      total 29696K, used 544K [0x00000000d5a00000, 0x00000000d8300000, 0x0000000100000000)
  eden space 28672K, 0% used [0x00000000d5a00000,0x00000000d5a00000,0x00000000d7600000)
  from space 1024K, 53% used [0x00000000d7680000,0x00000000d7708000,0x00000000d7780000)
  to   space 6656K, 0% used [0x00000000d7c80000,0x00000000d7c80000,0x00000000d8300000)
 ParOldGen       total 87552K, used 22975K [0x0000000080e00000, 0x0000000086380000, 0x00000000d5a00000)
  object space 87552K, 26% used [0x0000000080e00000,0x000000008246fdb8,0x0000000086380000)
 Metaspace       used 11561K, capacity 11777K, committed 12160K, reserved 1060864K
  class space    used 1226K, capacity 1292K, committed 1408K, reserved 1048576K
}
Event: 41.352 GC heap before
{Heap before GC invocations=14 (full 0):
 PSYoungGen      total 29696K, used 29216K [0x00000000d5a00000, 0x00000000d8300000, 0x0000000100000000)
  eden space 28672K, 100% used [0x00000000d5a00000,0x00000000d7600000,0x00000000d7600000)
  from space 1024K, 53% used [0x00000000d7680000,0x00000000d7708000,0x00000000d7780000)
  to   space 6656K, 0% used [0x00000000d7c80000,0x00000000d7c80000,0x00000000d8300000)
 ParOldGen       total 87552K, used 22975K [0x0000000080e00000, 0x0000000086380000, 0x00000000d5a00000)
  object space 87552K, 26% used [0x0000000080e00000,0x000000008246fdb8,0x0000000086380000)
 Metaspace       used 11561K, capacity 11777K, committed 12160K, reserved 1060864K
  class space    used 1226K, capacity 1292K, committed 1408K, reserved 1048576K
Event: 41.353 GC heap after
Heap after GC invocations=14 (full 0):
 PSYoungGen      total 33280K, used 544K [0x00000000d5a00000, 0x00000000d8180000, 0x0000000100000000)
  eden space 28160K, 0% used [0x00000000d5a00000,0x00000000d5a00000,0x00000000d7580000)
  from space 5120K, 10% used [0x00000000d7c80000,0x00000000d7d08000,0x00000000d8180000)
  to   space 6144K, 0% used [0x00000000d7580000,0x00000000d7580000,0x00000000d7b80000)
 ParOldGen       total 87552K, used 22991K [0x0000000080e00000, 0x0000000086380000, 0x00000000d5a00000)
  object space 87552K, 26% used [0x0000000080e00000,0x0000000082473db8,0x0000000086380000)
 Metaspace       used 11561K, capacity 11777K, committed 12160K, reserved 1060864K
  class space    used 1226K, capacity 1292K, committed 1408K, reserved 1048576K
}
Event: 42.516 GC heap before
{Heap before GC invocations=15 (full 0):
 PSYoungGen      total 33280K, used 28704K [0x00000000d5a00000, 0x00000000d8180000, 0x0000000100000000)
  eden space 28160K, 100% used [0x00000000d5a00000,0x00000000d7580000,0x00000000d7580000)
  from space 5120K, 10% used [0x00000000d7c80000,0x00000000d7d08000,0x00000000d8180000)
  to   space 6144K, 0% used [0x00000000d7580000,0x00000000d7580000,0x00000000d7b80000)
 ParOldGen       total 87552K, used 22991K [0x0000000080e00000, 0x0000000086380000, 0x00000000d5a00000)
  object space 87552K, 26% used [0x0000000080e00000,0x0000000082473db8,0x0000000086380000)
 Metaspace       used 11561K, capacity 11777K, committed 12160K, reserved 1060864K
  class space    used 1226K, capacity 1292K, committed 1408K, reserved 1048576K
Event: 42.518 GC heap after
Heap after GC invocations=15 (full 0):
 PSYoungGen      total 28160K, used 512K [0x00000000d5a00000, 0x00000000d8100000, 0x0000000100000000)
  eden space 27648K, 0% used [0x00000000d5a00000,0x00000000d5a00000,0x00000000d7500000)
  from space 512K, 100% used [0x00000000d7580000,0x00000000d7600000,0x00000000d7600000)
  to   space 6144K, 0% used [0x00000000d7b00000,0x00000000d7b00000,0x00000000d8100000)
 ParOldGen       total 87552K, used 22991K [0x0000000080e00000, 0x0000000086380000, 0x00000000d5a00000)
  object space 87552K, 26% used [0x0000000080e00000,0x0000000082473db8,0x0000000086380000)
 Metaspace       used 11561K, capacity 11777K, committed 12160K, reserved 1060864K
  class space    used 1226K, capacity 1292K, committed 1408K, reserved 1048576K
}
Event: 54.455 GC heap before
{Heap before GC invocations=16 (full 0):
 PSYoungGen      total 28160K, used 28160K [0x00000000d5a00000, 0x00000000d8100000, 0x0000000100000000)
  eden space 27648K, 100% used [0x00000000d5a00000,0x00000000d7500000,0x00000000d7500000)
  from space 512K, 100% used [0x00000000d7580000,0x00000000d7600000,0x00000000d7600000)
  to   space 6144K, 0% used [0x00000000d7b00000,0x00000000d7b00000,0x00000000d8100000)
 ParOldGen       total 87552K, used 22991K [0x0000000080e00000, 0x0000000086380000, 0x00000000d5a00000)
  object space 87552K, 26% used [0x0000000080e00000,0x0000000082473db8,0x0000000086380000)
 Metaspace       used 11586K, capacity 11841K, committed 12160K, reserved 1060864K
  class space    used 1226K, capacity 1292K, committed 1408K, reserved 1048576K
Event: 54.456 GC heap after
Heap after GC invocations=16 (full 0):
 PSYoungGen      total 32768K, used 512K [0x00000000d5a00000, 0x00000000d8080000, 0x0000000100000000)
  eden space 27136K, 0% used [0x00000000d5a00000,0x00000000d5a00000,0x00000000d7480000)
  from space 5632K, 9% used [0x00000000d7b00000,0x00000000d7b80000,0x00000000d8080000)
  to   space 6144K, 0% used [0x00000000d7480000,0x00000000d7480000,0x00000000d7a80000)
 ParOldGen       total 87552K, used 23007K [0x0000000080e00000, 0x0000000086380000, 0x00000000d5a00000)
  object space 87552K, 26% used [0x0000000080e00000,0x0000000082477db8,0x0000000086380000)
 Metaspace       used 11586K, capacity 11841K, committed 12160K, reserved 1060864K
  class space    used 1226K, capacity 1292K, committed 1408K, reserved 1048576K
}

