# JRE version: Java(TM) SE Runtime Environment (8.0_66-b18) (build 1.8.0_66-b18)
# Java VM: Java HotSpot(TM) 64-Bit Server VM (25.66-b18 mixed mode windows-amd64 compressed oops)
Heap:
 PSYoungGen      total 24576K, used 16952K [0x00000000d5a00000, 0x00000000d7400000, 0x0000000100000000)
  eden space 24064K, 70% used [0x00000000d5a00000,0x00000000d6a7e008,0x00000000d7180000)
  from space 512K, 12% used [0x00000000d7300000,0x00000000d7310000,0x00000000d7380000)
  to   space 512K, 0% used [0x00000000d7380000,0x00000000d7380000,0x00000000d7400000)
 ParOldGen       total 87552K, used 22329K [0x0000000080e00000, 0x0000000086380000, 0x00000000d5a00000)
  object space 87552K, 25% used [0x0000000080e00000,0x00000000823ce408,0x0000000086380000)
 Metaspace       used 12408K, capacity 12749K, committed 12928K, reserved 1060864K
  class space    used 1299K, capacity 1404K, committed 1408K, reserved 1048576K
GC Heap History (10 events):
Event: 274.334 GC heap before
{Heap before GC invocations=93 (full 0):
 PSYoungGen      total 24576K, used 24128K [0x00000000d5a00000, 0x00000000d7400000, 0x0000000100000000)
  eden space 24064K, 100% used [0x00000000d5a00000,0x00000000d7180000,0x00000000d7180000)
  from space 512K, 12% used [0x00000000d7380000,0x00000000d7390000,0x00000000d7400000)
  to   space 512K, 0% used [0x00000000d7300000,0x00000000d7300000,0x00000000d7380000)
 ParOldGen       total 87552K, used 22329K [0x0000000080e00000, 0x0000000086380000, 0x00000000d5a00000)
  object space 87552K, 25% used [0x0000000080e00000,0x00000000823ce408,0x0000000086380000)
 Metaspace       used 12297K, capacity 12525K, committed 12672K, reserved 1060864K
  class space    used 1292K, capacity 1372K, committed 1408K, reserved 1048576K
Event: 274.335 GC heap after
Heap after GC invocations=93 (full 0):
 PSYoungGen      total 24576K, used 64K [0x00000000d5a00000, 0x00000000d7400000, 0x0000000100000000)
  eden space 24064K, 0% used [0x00000000d5a00000,0x00000000d5a00000,0x00000000d7180000)
  from space 512K, 12% used [0x00000000d7300000,0x00000000d7310000,0x00000000d7380000)
  to   space 512K, 0% used [0x00000000d7380000,0x00000000d7380000,0x00000000d7400000)
 ParOldGen       total 87552K, used 22329K [0x0000000080e00000, 0x0000000086380000, 0x00000000d5a00000)
  object space 87552K, 25% used [0x0000000080e00000,0x00000000823ce408,0x0000000086380000)
 Metaspace       used 12297K, capacity 12525K, committed 12672K, reserved 1060864K
  class space    used 1292K, capacity 1372K, committed 1408K, reserved 1048576K
}
Event: 276.547 GC heap before
{Heap before GC invocations=94 (full 0):
 PSYoungGen      total 24576K, used 24128K [0x00000000d5a00000, 0x00000000d7400000, 0x0000000100000000)
  eden space 24064K, 100% used [0x00000000d5a00000,0x00000000d7180000,0x00000000d7180000)
  from space 512K, 12% used [0x00000000d7300000,0x00000000d7310000,0x00000000d7380000)
  to   space 512K, 0% used [0x00000000d7380000,0x00000000d7380000,0x00000000d7400000)
 ParOldGen       total 87552K, used 22329K [0x0000000080e00000, 0x0000000086380000, 0x00000000d5a00000)
  object space 87552K, 25% used [0x0000000080e00000,0x00000000823ce408,0x0000000086380000)
 Metaspace       used 12297K, capacity 12525K, committed 12672K, reserved 1060864K
  class space    used 1292K, capacity 1372K, committed 1408K, reserved 1048576K
Event: 276.547 GC heap after
Heap after GC invocations=94 (full 0):
 PSYoungGen      total 24576K, used 64K [0x00000000d5a00000, 0x00000000d7400000, 0x0000000100000000)
  eden space 24064K, 0% used [0x00000000d5a00000,0x00000000d5a00000,0x00000000d7180000)
  from space 512K, 12% used [0x00000000d7380000,0x00000000d7390000,0x00000000d7400000)
  to   space 512K, 0% used [0x00000000d7300000,0x00000000d7300000,0x00000000d7380000)
 ParOldGen       total 87552K, used 22329K [0x0000000080e00000, 0x0000000086380000, 0x00000000d5a00000)
  object space 87552K, 25% used [0x0000000080e00000,0x00000000823ce408,0x0000000086380000)
 Metaspace       used 12297K, capacity 12525K, committed 12672K, reserved 1060864K
  class space    used 1292K, capacity 1372K, committed 1408K, reserved 1048576K
}
Event: 278.721 GC heap before
{Heap before GC invocations=95 (full 0):
 PSYoungGen      total 24576K, used 24128K [0x00000000d5a00000, 0x00000000d7400000, 0x0000000100000000)
  eden space 24064K, 100% used [0x00000000d5a00000,0x00000000d7180000,0x00000000d7180000)
  from space 512K, 12% used [0x00000000d7380000,0x00000000d7390000,0x00000000d7400000)
  to   space 512K, 0% used [0x00000000d7300000,0x00000000d7300000,0x00000000d7380000)
 ParOldGen       total 87552K, used 22329K [0x0000000080e00000, 0x0000000086380000, 0x00000000d5a00000)
  object space 87552K, 25% used [0x0000000080e00000,0x00000000823ce408,0x0000000086380000)
 Metaspace       used 12297K, capacity 12525K, committed 12672K, reserved 1060864K
  class space    used 1292K, capacity 1372K, committed 1408K, reserved 1048576K
Event: 278.721 GC heap after
Heap after GC invocations=95 (full 0):
 PSYoungGen      total 24576K, used 64K [0x00000000d5a00000, 0x00000000d7400000, 0x0000000100000000)
  eden space 24064K, 0% used [0x00000000d5a00000,0x00000000d5a00000,0x00000000d7180000)
  from space 512K, 12% used [0x00000000d7300000,0x00000000d7310000,0x00000000d7380000)
  to   space 512K, 0% used [0x00000000d7380000,0x00000000d7380000,0x00000000d7400000)
 ParOldGen       total 87552K, used 22329K [0x0000000080e00000, 0x0000000086380000, 0x00000000d5a00000)
  object space 87552K, 25% used [0x0000000080e00000,0x00000000823ce408,0x0000000086380000)
 Metaspace       used 12297K, capacity 12525K, committed 12672K, reserved 1060864K
  class space    used 1292K, capacity 1372K, committed 1408K, reserved 1048576K
}
Event: 280.879 GC heap before
{Heap before GC invocations=96 (full 0):
 PSYoungGen      total 24576K, used 24128K [0x00000000d5a00000, 0x00000000d7400000, 0x0000000100000000)
  eden space 24064K, 100% used [0x00000000d5a00000,0x00000000d7180000,0x00000000d7180000)
  from space 512K, 12% used [0x00000000d7300000,0x00000000d7310000,0x00000000d7380000)
  to   space 512K, 0% used [0x00000000d7380000,0x00000000d7380000,0x00000000d7400000)
 ParOldGen       total 87552K, used 22329K [0x0000000080e00000, 0x0000000086380000, 0x00000000d5a00000)
  object space 87552K, 25% used [0x0000000080e00000,0x00000000823ce408,0x0000000086380000)
 Metaspace       used 12297K, capacity 12525K, committed 12672K, reserved 1060864K
  class space    used 1292K, capacity 1372K, committed 1408K, reserved 1048576K
Event: 280.880 GC heap after
Heap after GC invocations=96 (full 0):
 PSYoungGen      total 24576K, used 64K [0x00000000d5a00000, 0x00000000d7400000, 0x0000000100000000)
  eden space 24064K, 0% used [0x00000000d5a00000,0x00000000d5a00000,0x00000000d7180000)
  from space 512K, 12% used [0x00000000d7380000,0x00000000d7390000,0x00000000d7400000)
  to   space 512K, 0% used [0x00000000d7300000,0x00000000d7300000,0x00000000d7380000)
 ParOldGen       total 87552K, used 22329K [0x0000000080e00000, 0x0000000086380000, 0x00000000d5a00000)
  object space 87552K, 25% used [0x0000000080e00000,0x00000000823ce408,0x0000000086380000)
 Metaspace       used 12297K, capacity 12525K, committed 12672K, reserved 1060864K
  class space    used 1292K, capacity 1372K, committed 1408K, reserved 1048576K
}
Event: 283.159 GC heap before
{Heap before GC invocations=97 (full 0):
 PSYoungGen      total 24576K, used 24128K [0x00000000d5a00000, 0x00000000d7400000, 0x0000000100000000)
  eden space 24064K, 100% used [0x00000000d5a00000,0x00000000d7180000,0x00000000d7180000)
  from space 512K, 12% used [0x00000000d7380000,0x00000000d7390000,0x00000000d7400000)
  to   space 512K, 0% used [0x00000000d7300000,0x00000000d7300000,0x00000000d7380000)
 ParOldGen       total 87552K, used 22329K [0x0000000080e00000, 0x0000000086380000, 0x00000000d5a00000)
  object space 87552K, 25% used [0x0000000080e00000,0x00000000823ce408,0x0000000086380000)
 Metaspace       used 12300K, capacity 12525K, committed 12672K, reserved 1060864K
  class space    used 1292K, capacity 1372K, committed 1408K, reserved 1048576K
Event: 283.160 GC heap after
Heap after GC invocations=97 (full 0):
 PSYoungGen      total 24576K, used 64K [0x00000000d5a00000, 0x00000000d7400000, 0x0000000100000000)
  eden space 24064K, 0% used [0x00000000d5a00000,0x00000000d5a00000,0x00000000d7180000)
  from space 512K, 12% used [0x00000000d7300000,0x00000000d7310000,0x00000000d7380000)
  to   space 512K, 0% used [0x00000000d7380000,0x00000000d7380000,0x00000000d7400000)
 ParOldGen       total 87552K, used 22329K [0x0000000080e00000, 0x0000000086380000, 0x00000000d5a00000)
  object space 87552K, 25% used [0x0000000080e00000,0x00000000823ce408,0x0000000086380000)
 Metaspace       used 12300K, capacity 12525K, committed 12672K, reserved 1060864K
  class space    used 1292K, capacity 1372K, committed 1408K, reserved 1048576K
}

